Analysis & Synthesis report for digi_lock
Mon Sep 19 14:51:43 2022
Quartus Prime Version 20.1.1 Build 720 11/11/2020 SJ Lite Edition


---------------------
; Table of Contents ;
---------------------
  1. Legal Notice
  2. Analysis & Synthesis Summary
  3. Analysis & Synthesis Settings
  4. Parallel Compilation
  5. Analysis & Synthesis Source Files Read
  6. Analysis & Synthesis Resource Usage Summary
  7. Analysis & Synthesis Resource Utilization by Entity
  8. General Register Statistics
  9. Multiplexer Restructuring Statistics (Restructuring Performed)
 10. Parameter Settings for Inferred Entity Instance: lpm_divide:Mod0
 11. Parameter Settings for Inferred Entity Instance: lpm_divide:Div0
 12. Parameter Settings for Inferred Entity Instance: lpm_divide:Mod1
 13. Parameter Settings for Inferred Entity Instance: lpm_divide:Div1
 14. Parameter Settings for Inferred Entity Instance: lpm_divide:Mod2
 15. Parameter Settings for Inferred Entity Instance: lpm_divide:Div2
 16. Parameter Settings for Inferred Entity Instance: counter60:seconds|lpm_divide:Mod0
 17. Parameter Settings for Inferred Entity Instance: counter60:minutes|lpm_divide:Mod0
 18. Parameter Settings for Inferred Entity Instance: counter24:hours|lpm_divide:Mod0
 19. Port Connectivity Checks: "counter60:seconds"
 20. Post-Synthesis Netlist Statistics for Top Partition
 21. Elapsed Time Per Partition
 22. Analysis & Synthesis Messages



----------------
; Legal Notice ;
----------------
Copyright (C) 2020  Intel Corporation. All rights reserved.
Your use of Intel Corporation's design tools, logic functions 
and other software and tools, and any partner logic 
functions, and any output files from any of the foregoing 
(including device programming or simulation files), and any 
associated documentation or information are expressly subject 
to the terms and conditions of the Intel Program License 
Subscription Agreement, the Intel Quartus Prime License Agreement,
the Intel FPGA IP License Agreement, or other applicable license
agreement, including, without limitation, that your use is for
the sole purpose of programming logic devices manufactured by
Intel and sold by Intel or its authorized distributors.  Please
refer to the applicable agreement for further details, at
https://fpgasoftware.intel.com/eula.



+-------------------------------------------------------------------------------+
; Analysis & Synthesis Summary                                                  ;
+---------------------------------+---------------------------------------------+
; Analysis & Synthesis Status     ; Successful - Mon Sep 19 14:51:43 2022       ;
; Quartus Prime Version           ; 20.1.1 Build 720 11/11/2020 SJ Lite Edition ;
; Revision Name                   ; digi_lock                                   ;
; Top-level Entity Name           ; digi_clock                                  ;
; Family                          ; Cyclone V                                   ;
; Logic utilization (in ALMs)     ; N/A                                         ;
; Total registers                 ; 46                                          ;
; Total pins                      ; 57                                          ;
; Total virtual pins              ; 0                                           ;
; Total block memory bits         ; 0                                           ;
; Total DSP Blocks                ; 0                                           ;
; Total HSSI RX PCSs              ; 0                                           ;
; Total HSSI PMA RX Deserializers ; 0                                           ;
; Total HSSI TX PCSs              ; 0                                           ;
; Total HSSI PMA TX Serializers   ; 0                                           ;
; Total PLLs                      ; 0                                           ;
; Total DLLs                      ; 0                                           ;
+---------------------------------+---------------------------------------------+


+---------------------------------------------------------------------------------------------------------------------------+
; Analysis & Synthesis Settings                                                                                             ;
+---------------------------------------------------------------------------------+--------------------+--------------------+
; Option                                                                          ; Setting            ; Default Value      ;
+---------------------------------------------------------------------------------+--------------------+--------------------+
; Device                                                                          ; 5CSEMA5F31C6       ;                    ;
; Top-level entity name                                                           ; digi_clock         ; digi_lock          ;
; Family name                                                                     ; Cyclone V          ; Cyclone V          ;
; Use smart compilation                                                           ; Off                ; Off                ;
; Enable parallel Assembler and Timing Analyzer during compilation                ; On                 ; On                 ;
; Enable compact report table                                                     ; Off                ; Off                ;
; Restructure Multiplexers                                                        ; Auto               ; Auto               ;
; MLAB Add Timing Constraints For Mixed-Port Feed-Through Mode Setting Don't Care ; Off                ; Off                ;
; Create Debugging Nodes for IP Cores                                             ; Off                ; Off                ;
; Preserve fewer node names                                                       ; On                 ; On                 ;
; Intel FPGA IP Evaluation Mode                                                   ; Enable             ; Enable             ;
; Verilog Version                                                                 ; Verilog_2001       ; Verilog_2001       ;
; VHDL Version                                                                    ; VHDL_1993          ; VHDL_1993          ;
; State Machine Processing                                                        ; Auto               ; Auto               ;
; Safe State Machine                                                              ; Off                ; Off                ;
; Extract Verilog State Machines                                                  ; On                 ; On                 ;
; Extract VHDL State Machines                                                     ; On                 ; On                 ;
; Ignore Verilog initial constructs                                               ; Off                ; Off                ;
; Iteration limit for constant Verilog loops                                      ; 5000               ; 5000               ;
; Iteration limit for non-constant Verilog loops                                  ; 250                ; 250                ;
; Add Pass-Through Logic to Inferred RAMs                                         ; On                 ; On                 ;
; Infer RAMs from Raw Logic                                                       ; On                 ; On                 ;
; Parallel Synthesis                                                              ; On                 ; On                 ;
; DSP Block Balancing                                                             ; Auto               ; Auto               ;
; NOT Gate Push-Back                                                              ; On                 ; On                 ;
; Power-Up Don't Care                                                             ; On                 ; On                 ;
; Remove Redundant Logic Cells                                                    ; Off                ; Off                ;
; Remove Duplicate Registers                                                      ; On                 ; On                 ;
; Ignore CARRY Buffers                                                            ; Off                ; Off                ;
; Ignore CASCADE Buffers                                                          ; Off                ; Off                ;
; Ignore GLOBAL Buffers                                                           ; Off                ; Off                ;
; Ignore ROW GLOBAL Buffers                                                       ; Off                ; Off                ;
; Ignore LCELL Buffers                                                            ; Off                ; Off                ;
; Ignore SOFT Buffers                                                             ; On                 ; On                 ;
; Limit AHDL Integers to 32 Bits                                                  ; Off                ; Off                ;
; Optimization Technique                                                          ; Balanced           ; Balanced           ;
; Carry Chain Length                                                              ; 70                 ; 70                 ;
; Auto Carry Chains                                                               ; On                 ; On                 ;
; Auto Open-Drain Pins                                                            ; On                 ; On                 ;
; Perform WYSIWYG Primitive Resynthesis                                           ; Off                ; Off                ;
; Auto ROM Replacement                                                            ; On                 ; On                 ;
; Auto RAM Replacement                                                            ; On                 ; On                 ;
; Auto DSP Block Replacement                                                      ; On                 ; On                 ;
; Auto Shift Register Replacement                                                 ; Auto               ; Auto               ;
; Allow Shift Register Merging across Hierarchies                                 ; Auto               ; Auto               ;
; Auto Clock Enable Replacement                                                   ; On                 ; On                 ;
; Strict RAM Replacement                                                          ; Off                ; Off                ;
; Allow Synchronous Control Signals                                               ; On                 ; On                 ;
; Force Use of Synchronous Clear Signals                                          ; Off                ; Off                ;
; Auto Resource Sharing                                                           ; Off                ; Off                ;
; Allow Any RAM Size For Recognition                                              ; Off                ; Off                ;
; Allow Any ROM Size For Recognition                                              ; Off                ; Off                ;
; Allow Any Shift Register Size For Recognition                                   ; Off                ; Off                ;
; Use LogicLock Constraints during Resource Balancing                             ; On                 ; On                 ;
; Ignore translate_off and synthesis_off directives                               ; Off                ; Off                ;
; Timing-Driven Synthesis                                                         ; On                 ; On                 ;
; Report Parameter Settings                                                       ; On                 ; On                 ;
; Report Source Assignments                                                       ; On                 ; On                 ;
; Report Connectivity Checks                                                      ; On                 ; On                 ;
; Ignore Maximum Fan-Out Assignments                                              ; Off                ; Off                ;
; Synchronization Register Chain Length                                           ; 3                  ; 3                  ;
; Power Optimization During Synthesis                                             ; Normal compilation ; Normal compilation ;
; HDL message level                                                               ; Level2             ; Level2             ;
; Suppress Register Optimization Related Messages                                 ; Off                ; Off                ;
; Number of Removed Registers Reported in Synthesis Report                        ; 5000               ; 5000               ;
; Number of Swept Nodes Reported in Synthesis Report                              ; 5000               ; 5000               ;
; Number of Inverted Registers Reported in Synthesis Report                       ; 100                ; 100                ;
; Clock MUX Protection                                                            ; On                 ; On                 ;
; Auto Gated Clock Conversion                                                     ; Off                ; Off                ;
; Block Design Naming                                                             ; Auto               ; Auto               ;
; SDC constraint protection                                                       ; Off                ; Off                ;
; Synthesis Effort                                                                ; Auto               ; Auto               ;
; Shift Register Replacement - Allow Asynchronous Clear Signal                    ; On                 ; On                 ;
; Pre-Mapping Resynthesis Optimization                                            ; Off                ; Off                ;
; Analysis & Synthesis Message Level                                              ; Medium             ; Medium             ;
; Disable Register Merging Across Hierarchies                                     ; Auto               ; Auto               ;
; Resource Aware Inference For Block RAM                                          ; On                 ; On                 ;
; Automatic Parallel Synthesis                                                    ; On                 ; On                 ;
; Partial Reconfiguration Bitstream ID                                            ; Off                ; Off                ;
+---------------------------------------------------------------------------------+--------------------+--------------------+


+------------------------------------------+
; Parallel Compilation                     ;
+----------------------------+-------------+
; Processors                 ; Number      ;
+----------------------------+-------------+
; Number detected on machine ; 12          ;
; Maximum allowed            ; 12          ;
;                            ;             ;
; Average used               ; 1.00        ;
; Maximum used               ; 12          ;
;                            ;             ;
; Usage by Processor         ; % Time Used ;
;     Processor 1            ; 100.0%      ;
;     Processor 2            ;   0.0%      ;
;     Processors 3-12        ;   0.0%      ;
+----------------------------+-------------+


+---------------------------------------------------------------------------------------------------------------------------------------------------------------------------------+
; Analysis & Synthesis Source Files Read                                                                                                                                          ;
+----------------------------------+-----------------+------------------------------+-----------------------------------------------------------------------------------+---------+
; File Name with User-Entered Path ; Used in Netlist ; File Type                    ; File Name with Absolute Path                                                      ; Library ;
+----------------------------------+-----------------+------------------------------+-----------------------------------------------------------------------------------+---------+
; digi_lock.v                      ; yes             ; User Verilog HDL File        ; D:/akash/UTA courses/SOC/quartus examples/DIGITAL LOCK/digi_lock.v                ;         ;
; lpm_divide.tdf                   ; yes             ; Megafunction                 ; c:/intelfpga_lite/20.1/quartus/libraries/megafunctions/lpm_divide.tdf             ;         ;
; abs_divider.inc                  ; yes             ; Megafunction                 ; c:/intelfpga_lite/20.1/quartus/libraries/megafunctions/abs_divider.inc            ;         ;
; sign_div_unsign.inc              ; yes             ; Megafunction                 ; c:/intelfpga_lite/20.1/quartus/libraries/megafunctions/sign_div_unsign.inc        ;         ;
; aglobal201.inc                   ; yes             ; Megafunction                 ; c:/intelfpga_lite/20.1/quartus/libraries/megafunctions/aglobal201.inc             ;         ;
; db/lpm_divide_62m.tdf            ; yes             ; Auto-Generated Megafunction  ; D:/akash/UTA courses/SOC/quartus examples/DIGITAL LOCK/db/lpm_divide_62m.tdf      ;         ;
; db/sign_div_unsign_9kh.tdf       ; yes             ; Auto-Generated Megafunction  ; D:/akash/UTA courses/SOC/quartus examples/DIGITAL LOCK/db/sign_div_unsign_9kh.tdf ;         ;
; db/alt_u_div_ose.tdf             ; yes             ; Auto-Generated Megafunction  ; D:/akash/UTA courses/SOC/quartus examples/DIGITAL LOCK/db/alt_u_div_ose.tdf       ;         ;
; db/lpm_divide_3am.tdf            ; yes             ; Auto-Generated Megafunction  ; D:/akash/UTA courses/SOC/quartus examples/DIGITAL LOCK/db/lpm_divide_3am.tdf      ;         ;
; db/lpm_divide_52m.tdf            ; yes             ; Auto-Generated Megafunction  ; D:/akash/UTA courses/SOC/quartus examples/DIGITAL LOCK/db/lpm_divide_52m.tdf      ;         ;
; db/sign_div_unsign_8kh.tdf       ; yes             ; Auto-Generated Megafunction  ; D:/akash/UTA courses/SOC/quartus examples/DIGITAL LOCK/db/sign_div_unsign_8kh.tdf ;         ;
; db/alt_u_div_mse.tdf             ; yes             ; Auto-Generated Megafunction  ; D:/akash/UTA courses/SOC/quartus examples/DIGITAL LOCK/db/alt_u_div_mse.tdf       ;         ;
; db/lpm_divide_2am.tdf            ; yes             ; Auto-Generated Megafunction  ; D:/akash/UTA courses/SOC/quartus examples/DIGITAL LOCK/db/lpm_divide_2am.tdf      ;         ;
; db/lpm_divide_92m.tdf            ; yes             ; Auto-Generated Megafunction  ; D:/akash/UTA courses/SOC/quartus examples/DIGITAL LOCK/db/lpm_divide_92m.tdf      ;         ;
; db/sign_div_unsign_ckh.tdf       ; yes             ; Auto-Generated Megafunction  ; D:/akash/UTA courses/SOC/quartus examples/DIGITAL LOCK/db/sign_div_unsign_ckh.tdf ;         ;
; db/alt_u_div_use.tdf             ; yes             ; Auto-Generated Megafunction  ; D:/akash/UTA courses/SOC/quartus examples/DIGITAL LOCK/db/alt_u_div_use.tdf       ;         ;
; db/lpm_divide_72m.tdf            ; yes             ; Auto-Generated Megafunction  ; D:/akash/UTA courses/SOC/quartus examples/DIGITAL LOCK/db/lpm_divide_72m.tdf      ;         ;
; db/sign_div_unsign_akh.tdf       ; yes             ; Auto-Generated Megafunction  ; D:/akash/UTA courses/SOC/quartus examples/DIGITAL LOCK/db/sign_div_unsign_akh.tdf ;         ;
; db/alt_u_div_qse.tdf             ; yes             ; Auto-Generated Megafunction  ; D:/akash/UTA courses/SOC/quartus examples/DIGITAL LOCK/db/alt_u_div_qse.tdf       ;         ;
+----------------------------------+-----------------+------------------------------+-----------------------------------------------------------------------------------+---------+


+------------------------------------------------------------------------------------+
; Analysis & Synthesis Resource Usage Summary                                        ;
+---------------------------------------------+--------------------------------------+
; Resource                                    ; Usage                                ;
+---------------------------------------------+--------------------------------------+
; Estimate of Logic utilization (ALMs needed) ; 162                                  ;
;                                             ;                                      ;
; Combinational ALUT usage for logic          ; 306                                  ;
;     -- 7 input functions                    ; 8                                    ;
;     -- 6 input functions                    ; 9                                    ;
;     -- 5 input functions                    ; 11                                   ;
;     -- 4 input functions                    ; 57                                   ;
;     -- <=3 input functions                  ; 221                                  ;
;                                             ;                                      ;
; Dedicated logic registers                   ; 46                                   ;
;                                             ;                                      ;
; I/O pins                                    ; 57                                   ;
;                                             ;                                      ;
; Total DSP Blocks                            ; 0                                    ;
;                                             ;                                      ;
; Maximum fan-out node                        ; divide_by_50000000:clock|LessThan0~2 ;
; Maximum fan-out                             ; 27                                   ;
; Total fan-out                               ; 1145                                 ;
; Average fan-out                             ; 2.46                                 ;
+---------------------------------------------+--------------------------------------+


+-------------------------------------------------------------------------------------------------------------------------------------------------------------------------------------------------------------------------------------------------------------------------------------------------------------------------+
; Analysis & Synthesis Resource Utilization by Entity                                                                                                                                                                                                                                                                     ;
+-------------------------------------------+---------------------+---------------------------+-------------------+------------+------+--------------+-------------------------------------------------------------------------------------------------------------------------------+---------------------+--------------+
; Compilation Hierarchy Node                ; Combinational ALUTs ; Dedicated Logic Registers ; Block Memory Bits ; DSP Blocks ; Pins ; Virtual Pins ; Full Hierarchy Name                                                                                                           ; Entity Name         ; Library Name ;
+-------------------------------------------+---------------------+---------------------------+-------------------+------------+------+--------------+-------------------------------------------------------------------------------------------------------------------------------+---------------------+--------------+
; |digi_clock                               ; 306 (0)             ; 46 (0)                    ; 0                 ; 0          ; 57   ; 0            ; |digi_clock                                                                                                                   ; digi_clock          ; work         ;
;    |counter24:hours|                      ; 26 (9)              ; 5 (5)                     ; 0                 ; 0          ; 0    ; 0            ; |digi_clock|counter24:hours                                                                                                   ; counter24           ; work         ;
;       |lpm_divide:Mod0|                   ; 17 (0)              ; 0 (0)                     ; 0                 ; 0          ; 0    ; 0            ; |digi_clock|counter24:hours|lpm_divide:Mod0                                                                                   ; lpm_divide          ; work         ;
;          |lpm_divide_72m:auto_generated|  ; 17 (0)              ; 0 (0)                     ; 0                 ; 0          ; 0    ; 0            ; |digi_clock|counter24:hours|lpm_divide:Mod0|lpm_divide_72m:auto_generated                                                     ; lpm_divide_72m      ; work         ;
;             |sign_div_unsign_akh:divider| ; 17 (0)              ; 0 (0)                     ; 0                 ; 0          ; 0    ; 0            ; |digi_clock|counter24:hours|lpm_divide:Mod0|lpm_divide_72m:auto_generated|sign_div_unsign_akh:divider                         ; sign_div_unsign_akh ; work         ;
;                |alt_u_div_qse:divider|    ; 17 (17)             ; 0 (0)                     ; 0                 ; 0          ; 0    ; 0            ; |digi_clock|counter24:hours|lpm_divide:Mod0|lpm_divide_72m:auto_generated|sign_div_unsign_akh:divider|alt_u_div_qse:divider   ; alt_u_div_qse       ; work         ;
;    |counter60:minutes|                    ; 30 (11)             ; 7 (7)                     ; 0                 ; 0          ; 0    ; 0            ; |digi_clock|counter60:minutes                                                                                                 ; counter60           ; work         ;
;       |lpm_divide:Mod0|                   ; 19 (0)              ; 0 (0)                     ; 0                 ; 0          ; 0    ; 0            ; |digi_clock|counter60:minutes|lpm_divide:Mod0                                                                                 ; lpm_divide          ; work         ;
;          |lpm_divide_92m:auto_generated|  ; 19 (0)              ; 0 (0)                     ; 0                 ; 0          ; 0    ; 0            ; |digi_clock|counter60:minutes|lpm_divide:Mod0|lpm_divide_92m:auto_generated                                                   ; lpm_divide_92m      ; work         ;
;             |sign_div_unsign_ckh:divider| ; 19 (0)              ; 0 (0)                     ; 0                 ; 0          ; 0    ; 0            ; |digi_clock|counter60:minutes|lpm_divide:Mod0|lpm_divide_92m:auto_generated|sign_div_unsign_ckh:divider                       ; sign_div_unsign_ckh ; work         ;
;                |alt_u_div_use:divider|    ; 19 (19)             ; 0 (0)                     ; 0                 ; 0          ; 0    ; 0            ; |digi_clock|counter60:minutes|lpm_divide:Mod0|lpm_divide_92m:auto_generated|sign_div_unsign_ckh:divider|alt_u_div_use:divider ; alt_u_div_use       ; work         ;
;    |counter60:seconds|                    ; 30 (11)             ; 7 (7)                     ; 0                 ; 0          ; 0    ; 0            ; |digi_clock|counter60:seconds                                                                                                 ; counter60           ; work         ;
;       |lpm_divide:Mod0|                   ; 19 (0)              ; 0 (0)                     ; 0                 ; 0          ; 0    ; 0            ; |digi_clock|counter60:seconds|lpm_divide:Mod0                                                                                 ; lpm_divide          ; work         ;
;          |lpm_divide_92m:auto_generated|  ; 19 (0)              ; 0 (0)                     ; 0                 ; 0          ; 0    ; 0            ; |digi_clock|counter60:seconds|lpm_divide:Mod0|lpm_divide_92m:auto_generated                                                   ; lpm_divide_92m      ; work         ;
;             |sign_div_unsign_ckh:divider| ; 19 (0)              ; 0 (0)                     ; 0                 ; 0          ; 0    ; 0            ; |digi_clock|counter60:seconds|lpm_divide:Mod0|lpm_divide_92m:auto_generated|sign_div_unsign_ckh:divider                       ; sign_div_unsign_ckh ; work         ;
;                |alt_u_div_use:divider|    ; 19 (19)             ; 0 (0)                     ; 0                 ; 0          ; 0    ; 0            ; |digi_clock|counter60:seconds|lpm_divide:Mod0|lpm_divide_92m:auto_generated|sign_div_unsign_ckh:divider|alt_u_div_use:divider ; alt_u_div_use       ; work         ;
;    |decTo7:hour_hexa0|                    ; 7 (7)               ; 0 (0)                     ; 0                 ; 0          ; 0    ; 0            ; |digi_clock|decTo7:hour_hexa0                                                                                                 ; decTo7              ; work         ;
;    |decTo7:hour_hexa1|                    ; 3 (3)               ; 0 (0)                     ; 0                 ; 0          ; 0    ; 0            ; |digi_clock|decTo7:hour_hexa1                                                                                                 ; decTo7              ; work         ;
;    |decTo7:min_hexa0|                     ; 7 (7)               ; 0 (0)                     ; 0                 ; 0          ; 0    ; 0            ; |digi_clock|decTo7:min_hexa0                                                                                                  ; decTo7              ; work         ;
;    |decTo7:min_hexa1|                     ; 7 (7)               ; 0 (0)                     ; 0                 ; 0          ; 0    ; 0            ; |digi_clock|decTo7:min_hexa1                                                                                                  ; decTo7              ; work         ;
;    |decTo7:sec_hexa0|                     ; 7 (7)               ; 0 (0)                     ; 0                 ; 0          ; 0    ; 0            ; |digi_clock|decTo7:sec_hexa0                                                                                                  ; decTo7              ; work         ;
;    |decTo7:sec_hexa1|                     ; 7 (7)               ; 0 (0)                     ; 0                 ; 0          ; 0    ; 0            ; |digi_clock|decTo7:sec_hexa1                                                                                                  ; decTo7              ; work         ;
;    |divide_by_50000000:clock|             ; 30 (30)             ; 27 (27)                   ; 0                 ; 0          ; 0    ; 0            ; |digi_clock|divide_by_50000000:clock                                                                                          ; divide_by_50000000  ; work         ;
;    |lpm_divide:Div0|                      ; 27 (0)              ; 0 (0)                     ; 0                 ; 0          ; 0    ; 0            ; |digi_clock|lpm_divide:Div0                                                                                                   ; lpm_divide          ; work         ;
;       |lpm_divide_3am:auto_generated|     ; 27 (0)              ; 0 (0)                     ; 0                 ; 0          ; 0    ; 0            ; |digi_clock|lpm_divide:Div0|lpm_divide_3am:auto_generated                                                                     ; lpm_divide_3am      ; work         ;
;          |sign_div_unsign_9kh:divider|    ; 27 (0)              ; 0 (0)                     ; 0                 ; 0          ; 0    ; 0            ; |digi_clock|lpm_divide:Div0|lpm_divide_3am:auto_generated|sign_div_unsign_9kh:divider                                         ; sign_div_unsign_9kh ; work         ;
;             |alt_u_div_ose:divider|       ; 27 (27)             ; 0 (0)                     ; 0                 ; 0          ; 0    ; 0            ; |digi_clock|lpm_divide:Div0|lpm_divide_3am:auto_generated|sign_div_unsign_9kh:divider|alt_u_div_ose:divider                   ; alt_u_div_ose       ; work         ;
;    |lpm_divide:Div1|                      ; 27 (0)              ; 0 (0)                     ; 0                 ; 0          ; 0    ; 0            ; |digi_clock|lpm_divide:Div1                                                                                                   ; lpm_divide          ; work         ;
;       |lpm_divide_3am:auto_generated|     ; 27 (0)              ; 0 (0)                     ; 0                 ; 0          ; 0    ; 0            ; |digi_clock|lpm_divide:Div1|lpm_divide_3am:auto_generated                                                                     ; lpm_divide_3am      ; work         ;
;          |sign_div_unsign_9kh:divider|    ; 27 (0)              ; 0 (0)                     ; 0                 ; 0          ; 0    ; 0            ; |digi_clock|lpm_divide:Div1|lpm_divide_3am:auto_generated|sign_div_unsign_9kh:divider                                         ; sign_div_unsign_9kh ; work         ;
;             |alt_u_div_ose:divider|       ; 27 (27)             ; 0 (0)                     ; 0                 ; 0          ; 0    ; 0            ; |digi_clock|lpm_divide:Div1|lpm_divide_3am:auto_generated|sign_div_unsign_9kh:divider|alt_u_div_ose:divider                   ; alt_u_div_ose       ; work         ;
;    |lpm_divide:Div2|                      ; 16 (0)              ; 0 (0)                     ; 0                 ; 0          ; 0    ; 0            ; |digi_clock|lpm_divide:Div2                                                                                                   ; lpm_divide          ; work         ;
;       |lpm_divide_2am:auto_generated|     ; 16 (0)              ; 0 (0)                     ; 0                 ; 0          ; 0    ; 0            ; |digi_clock|lpm_divide:Div2|lpm_divide_2am:auto_generated                                                                     ; lpm_divide_2am      ; work         ;
;          |sign_div_unsign_8kh:divider|    ; 16 (0)              ; 0 (0)                     ; 0                 ; 0          ; 0    ; 0            ; |digi_clock|lpm_divide:Div2|lpm_divide_2am:auto_generated|sign_div_unsign_8kh:divider                                         ; sign_div_unsign_8kh ; work         ;
;             |alt_u_div_mse:divider|       ; 16 (16)             ; 0 (0)                     ; 0                 ; 0          ; 0    ; 0            ; |digi_clock|lpm_divide:Div2|lpm_divide_2am:auto_generated|sign_div_unsign_8kh:divider|alt_u_div_mse:divider                   ; alt_u_div_mse       ; work         ;
;    |lpm_divide:Mod0|                      ; 31 (0)              ; 0 (0)                     ; 0                 ; 0          ; 0    ; 0            ; |digi_clock|lpm_divide:Mod0                                                                                                   ; lpm_divide          ; work         ;
;       |lpm_divide_62m:auto_generated|     ; 31 (0)              ; 0 (0)                     ; 0                 ; 0          ; 0    ; 0            ; |digi_clock|lpm_divide:Mod0|lpm_divide_62m:auto_generated                                                                     ; lpm_divide_62m      ; work         ;
;          |sign_div_unsign_9kh:divider|    ; 31 (0)              ; 0 (0)                     ; 0                 ; 0          ; 0    ; 0            ; |digi_clock|lpm_divide:Mod0|lpm_divide_62m:auto_generated|sign_div_unsign_9kh:divider                                         ; sign_div_unsign_9kh ; work         ;
;             |alt_u_div_ose:divider|       ; 31 (31)             ; 0 (0)                     ; 0                 ; 0          ; 0    ; 0            ; |digi_clock|lpm_divide:Mod0|lpm_divide_62m:auto_generated|sign_div_unsign_9kh:divider|alt_u_div_ose:divider                   ; alt_u_div_ose       ; work         ;
;    |lpm_divide:Mod1|                      ; 31 (0)              ; 0 (0)                     ; 0                 ; 0          ; 0    ; 0            ; |digi_clock|lpm_divide:Mod1                                                                                                   ; lpm_divide          ; work         ;
;       |lpm_divide_62m:auto_generated|     ; 31 (0)              ; 0 (0)                     ; 0                 ; 0          ; 0    ; 0            ; |digi_clock|lpm_divide:Mod1|lpm_divide_62m:auto_generated                                                                     ; lpm_divide_62m      ; work         ;
;          |sign_div_unsign_9kh:divider|    ; 31 (0)              ; 0 (0)                     ; 0                 ; 0          ; 0    ; 0            ; |digi_clock|lpm_divide:Mod1|lpm_divide_62m:auto_generated|sign_div_unsign_9kh:divider                                         ; sign_div_unsign_9kh ; work         ;
;             |alt_u_div_ose:divider|       ; 31 (31)             ; 0 (0)                     ; 0                 ; 0          ; 0    ; 0            ; |digi_clock|lpm_divide:Mod1|lpm_divide_62m:auto_generated|sign_div_unsign_9kh:divider|alt_u_div_ose:divider                   ; alt_u_div_ose       ; work         ;
;    |lpm_divide:Mod2|                      ; 20 (0)              ; 0 (0)                     ; 0                 ; 0          ; 0    ; 0            ; |digi_clock|lpm_divide:Mod2                                                                                                   ; lpm_divide          ; work         ;
;       |lpm_divide_52m:auto_generated|     ; 20 (0)              ; 0 (0)                     ; 0                 ; 0          ; 0    ; 0            ; |digi_clock|lpm_divide:Mod2|lpm_divide_52m:auto_generated                                                                     ; lpm_divide_52m      ; work         ;
;          |sign_div_unsign_8kh:divider|    ; 20 (0)              ; 0 (0)                     ; 0                 ; 0          ; 0    ; 0            ; |digi_clock|lpm_divide:Mod2|lpm_divide_52m:auto_generated|sign_div_unsign_8kh:divider                                         ; sign_div_unsign_8kh ; work         ;
;             |alt_u_div_mse:divider|       ; 20 (20)             ; 0 (0)                     ; 0                 ; 0          ; 0    ; 0            ; |digi_clock|lpm_divide:Mod2|lpm_divide_52m:auto_generated|sign_div_unsign_8kh:divider|alt_u_div_mse:divider                   ; alt_u_div_mse       ; work         ;
+-------------------------------------------+---------------------+---------------------------+-------------------+------------+------+--------------+-------------------------------------------------------------------------------------------------------------------------------+---------------------+--------------+
Note: For table entries with two numbers listed, the numbers in parentheses indicate the number of resources of the given type used by the specific entity alone. The numbers listed outside of parentheses indicate the total resources of the given type used by the specific entity and all of its sub-entities in the hierarchy.


+------------------------------------------------------+
; General Register Statistics                          ;
+----------------------------------------------+-------+
; Statistic                                    ; Value ;
+----------------------------------------------+-------+
; Total registers                              ; 46    ;
; Number of registers using Synchronous Clear  ; 32    ;
; Number of registers using Synchronous Load   ; 11    ;
; Number of registers using Asynchronous Clear ; 0     ;
; Number of registers using Asynchronous Load  ; 0     ;
; Number of registers using Clock Enable       ; 2     ;
; Number of registers using Preset             ; 0     ;
+----------------------------------------------+-------+


+------------------------------------------------------------------------------------------------------------------------------------------------------+
; Multiplexer Restructuring Statistics (Restructuring Performed)                                                                                       ;
+--------------------+-----------+---------------+----------------------+------------------------+------------+----------------------------------------+
; Multiplexer Inputs ; Bus Width ; Baseline Area ; Area if Restructured ; Saving if Restructured ; Registered ; Example Multiplexer Output             ;
+--------------------+-----------+---------------+----------------------+------------------------+------------+----------------------------------------+
; 3:1                ; 6 bits    ; 12 LEs        ; 12 LEs               ; 0 LEs                  ; Yes        ; |digi_clock|counter60:seconds|count[5] ;
; 3:1                ; 6 bits    ; 12 LEs        ; 12 LEs               ; 0 LEs                  ; Yes        ; |digi_clock|counter60:minutes|count[5] ;
; 3:1                ; 5 bits    ; 10 LEs        ; 10 LEs               ; 0 LEs                  ; Yes        ; |digi_clock|counter24:hours|count[4]   ;
+--------------------+-----------+---------------+----------------------+------------------------+------------+----------------------------------------+


+------------------------------------------------------------------+
; Parameter Settings for Inferred Entity Instance: lpm_divide:Mod0 ;
+------------------------+----------------+------------------------+
; Parameter Name         ; Value          ; Type                   ;
+------------------------+----------------+------------------------+
; LPM_WIDTHN             ; 6              ; Untyped                ;
; LPM_WIDTHD             ; 4              ; Untyped                ;
; LPM_NREPRESENTATION    ; UNSIGNED       ; Untyped                ;
; LPM_DREPRESENTATION    ; UNSIGNED       ; Untyped                ;
; LPM_PIPELINE           ; 0              ; Untyped                ;
; LPM_REMAINDERPOSITIVE  ; TRUE           ; Untyped                ;
; MAXIMIZE_SPEED         ; 5              ; Untyped                ;
; CBXI_PARAMETER         ; lpm_divide_62m ; Untyped                ;
; CARRY_CHAIN            ; MANUAL         ; Untyped                ;
; OPTIMIZE_FOR_SPEED     ; 5              ; Untyped                ;
; AUTO_CARRY_CHAINS      ; ON             ; AUTO_CARRY             ;
; IGNORE_CARRY_BUFFERS   ; OFF            ; IGNORE_CARRY           ;
; AUTO_CASCADE_CHAINS    ; ON             ; AUTO_CASCADE           ;
; IGNORE_CASCADE_BUFFERS ; OFF            ; IGNORE_CASCADE         ;
+------------------------+----------------+------------------------+
Note: In order to hide this table in the UI and the text report file, please set the "Show Parameter Settings in Synthesis Report" option in "Analysis and Synthesis Settings -> More Settings" to "Off".


+------------------------------------------------------------------+
; Parameter Settings for Inferred Entity Instance: lpm_divide:Div0 ;
+------------------------+----------------+------------------------+
; Parameter Name         ; Value          ; Type                   ;
+------------------------+----------------+------------------------+
; LPM_WIDTHN             ; 6              ; Untyped                ;
; LPM_WIDTHD             ; 4              ; Untyped                ;
; LPM_NREPRESENTATION    ; UNSIGNED       ; Untyped                ;
; LPM_DREPRESENTATION    ; UNSIGNED       ; Untyped                ;
; LPM_PIPELINE           ; 0              ; Untyped                ;
; LPM_REMAINDERPOSITIVE  ; TRUE           ; Untyped                ;
; MAXIMIZE_SPEED         ; 5              ; Untyped                ;
; CBXI_PARAMETER         ; lpm_divide_3am ; Untyped                ;
; CARRY_CHAIN            ; MANUAL         ; Untyped                ;
; OPTIMIZE_FOR_SPEED     ; 5              ; Untyped                ;
; AUTO_CARRY_CHAINS      ; ON             ; AUTO_CARRY             ;
; IGNORE_CARRY_BUFFERS   ; OFF            ; IGNORE_CARRY           ;
; AUTO_CASCADE_CHAINS    ; ON             ; AUTO_CASCADE           ;
; IGNORE_CASCADE_BUFFERS ; OFF            ; IGNORE_CASCADE         ;
+------------------------+----------------+------------------------+
Note: In order to hide this table in the UI and the text report file, please set the "Show Parameter Settings in Synthesis Report" option in "Analysis and Synthesis Settings -> More Settings" to "Off".


+------------------------------------------------------------------+
; Parameter Settings for Inferred Entity Instance: lpm_divide:Mod1 ;
+------------------------+----------------+------------------------+
; Parameter Name         ; Value          ; Type                   ;
+------------------------+----------------+------------------------+
; LPM_WIDTHN             ; 6              ; Untyped                ;
; LPM_WIDTHD             ; 4              ; Untyped                ;
; LPM_NREPRESENTATION    ; UNSIGNED       ; Untyped                ;
; LPM_DREPRESENTATION    ; UNSIGNED       ; Untyped                ;
; LPM_PIPELINE           ; 0              ; Untyped                ;
; LPM_REMAINDERPOSITIVE  ; TRUE           ; Untyped                ;
; MAXIMIZE_SPEED         ; 5              ; Untyped                ;
; CBXI_PARAMETER         ; lpm_divide_62m ; Untyped                ;
; CARRY_CHAIN            ; MANUAL         ; Untyped                ;
; OPTIMIZE_FOR_SPEED     ; 5              ; Untyped                ;
; AUTO_CARRY_CHAINS      ; ON             ; AUTO_CARRY             ;
; IGNORE_CARRY_BUFFERS   ; OFF            ; IGNORE_CARRY           ;
; AUTO_CASCADE_CHAINS    ; ON             ; AUTO_CASCADE           ;
; IGNORE_CASCADE_BUFFERS ; OFF            ; IGNORE_CASCADE         ;
+------------------------+----------------+------------------------+
Note: In order to hide this table in the UI and the text report file, please set the "Show Parameter Settings in Synthesis Report" option in "Analysis and Synthesis Settings -> More Settings" to "Off".


+------------------------------------------------------------------+
; Parameter Settings for Inferred Entity Instance: lpm_divide:Div1 ;
+------------------------+----------------+------------------------+
; Parameter Name         ; Value          ; Type                   ;
+------------------------+----------------+------------------------+
; LPM_WIDTHN             ; 6              ; Untyped                ;
; LPM_WIDTHD             ; 4              ; Untyped                ;
; LPM_NREPRESENTATION    ; UNSIGNED       ; Untyped                ;
; LPM_DREPRESENTATION    ; UNSIGNED       ; Untyped                ;
; LPM_PIPELINE           ; 0              ; Untyped                ;
; LPM_REMAINDERPOSITIVE  ; TRUE           ; Untyped                ;
; MAXIMIZE_SPEED         ; 5              ; Untyped                ;
; CBXI_PARAMETER         ; lpm_divide_3am ; Untyped                ;
; CARRY_CHAIN            ; MANUAL         ; Untyped                ;
; OPTIMIZE_FOR_SPEED     ; 5              ; Untyped                ;
; AUTO_CARRY_CHAINS      ; ON             ; AUTO_CARRY             ;
; IGNORE_CARRY_BUFFERS   ; OFF            ; IGNORE_CARRY           ;
; AUTO_CASCADE_CHAINS    ; ON             ; AUTO_CASCADE           ;
; IGNORE_CASCADE_BUFFERS ; OFF            ; IGNORE_CASCADE         ;
+------------------------+----------------+------------------------+
Note: In order to hide this table in the UI and the text report file, please set the "Show Parameter Settings in Synthesis Report" option in "Analysis and Synthesis Settings -> More Settings" to "Off".


+------------------------------------------------------------------+
; Parameter Settings for Inferred Entity Instance: lpm_divide:Mod2 ;
+------------------------+----------------+------------------------+
; Parameter Name         ; Value          ; Type                   ;
+------------------------+----------------+------------------------+
; LPM_WIDTHN             ; 5              ; Untyped                ;
; LPM_WIDTHD             ; 4              ; Untyped                ;
; LPM_NREPRESENTATION    ; UNSIGNED       ; Untyped                ;
; LPM_DREPRESENTATION    ; UNSIGNED       ; Untyped                ;
; LPM_PIPELINE           ; 0              ; Untyped                ;
; LPM_REMAINDERPOSITIVE  ; TRUE           ; Untyped                ;
; MAXIMIZE_SPEED         ; 5              ; Untyped                ;
; CBXI_PARAMETER         ; lpm_divide_52m ; Untyped                ;
; CARRY_CHAIN            ; MANUAL         ; Untyped                ;
; OPTIMIZE_FOR_SPEED     ; 5              ; Untyped                ;
; AUTO_CARRY_CHAINS      ; ON             ; AUTO_CARRY             ;
; IGNORE_CARRY_BUFFERS   ; OFF            ; IGNORE_CARRY           ;
; AUTO_CASCADE_CHAINS    ; ON             ; AUTO_CASCADE           ;
; IGNORE_CASCADE_BUFFERS ; OFF            ; IGNORE_CASCADE         ;
+------------------------+----------------+------------------------+
Note: In order to hide this table in the UI and the text report file, please set the "Show Parameter Settings in Synthesis Report" option in "Analysis and Synthesis Settings -> More Settings" to "Off".


+------------------------------------------------------------------+
; Parameter Settings for Inferred Entity Instance: lpm_divide:Div2 ;
+------------------------+----------------+------------------------+
; Parameter Name         ; Value          ; Type                   ;
+------------------------+----------------+------------------------+
; LPM_WIDTHN             ; 5              ; Untyped                ;
; LPM_WIDTHD             ; 4              ; Untyped                ;
; LPM_NREPRESENTATION    ; UNSIGNED       ; Untyped                ;
; LPM_DREPRESENTATION    ; UNSIGNED       ; Untyped                ;
; LPM_PIPELINE           ; 0              ; Untyped                ;
; LPM_REMAINDERPOSITIVE  ; TRUE           ; Untyped                ;
; MAXIMIZE_SPEED         ; 5              ; Untyped                ;
; CBXI_PARAMETER         ; lpm_divide_2am ; Untyped                ;
; CARRY_CHAIN            ; MANUAL         ; Untyped                ;
; OPTIMIZE_FOR_SPEED     ; 5              ; Untyped                ;
; AUTO_CARRY_CHAINS      ; ON             ; AUTO_CARRY             ;
; IGNORE_CARRY_BUFFERS   ; OFF            ; IGNORE_CARRY           ;
; AUTO_CASCADE_CHAINS    ; ON             ; AUTO_CASCADE           ;
; IGNORE_CASCADE_BUFFERS ; OFF            ; IGNORE_CASCADE         ;
+------------------------+----------------+------------------------+
Note: In order to hide this table in the UI and the text report file, please set the "Show Parameter Settings in Synthesis Report" option in "Analysis and Synthesis Settings -> More Settings" to "Off".


+------------------------------------------------------------------------------------+
; Parameter Settings for Inferred Entity Instance: counter60:seconds|lpm_divide:Mod0 ;
+------------------------+----------------+------------------------------------------+
; Parameter Name         ; Value          ; Type                                     ;
+------------------------+----------------+------------------------------------------+
; LPM_WIDTHN             ; 7              ; Untyped                                  ;
; LPM_WIDTHD             ; 6              ; Untyped                                  ;
; LPM_NREPRESENTATION    ; UNSIGNED       ; Untyped                                  ;
; LPM_DREPRESENTATION    ; UNSIGNED       ; Untyped                                  ;
; LPM_PIPELINE           ; 0              ; Untyped                                  ;
; LPM_REMAINDERPOSITIVE  ; TRUE           ; Untyped                                  ;
; MAXIMIZE_SPEED         ; 5              ; Untyped                                  ;
; CBXI_PARAMETER         ; lpm_divide_92m ; Untyped                                  ;
; CARRY_CHAIN            ; MANUAL         ; Untyped                                  ;
; OPTIMIZE_FOR_SPEED     ; 5              ; Untyped                                  ;
; AUTO_CARRY_CHAINS      ; ON             ; AUTO_CARRY                               ;
; IGNORE_CARRY_BUFFERS   ; OFF            ; IGNORE_CARRY                             ;
; AUTO_CASCADE_CHAINS    ; ON             ; AUTO_CASCADE                             ;
; IGNORE_CASCADE_BUFFERS ; OFF            ; IGNORE_CASCADE                           ;
+------------------------+----------------+------------------------------------------+
Note: In order to hide this table in the UI and the text report file, please set the "Show Parameter Settings in Synthesis Report" option in "Analysis and Synthesis Settings -> More Settings" to "Off".


+------------------------------------------------------------------------------------+
; Parameter Settings for Inferred Entity Instance: counter60:minutes|lpm_divide:Mod0 ;
+------------------------+----------------+------------------------------------------+
; Parameter Name         ; Value          ; Type                                     ;
+------------------------+----------------+------------------------------------------+
; LPM_WIDTHN             ; 7              ; Untyped                                  ;
; LPM_WIDTHD             ; 6              ; Untyped                                  ;
; LPM_NREPRESENTATION    ; UNSIGNED       ; Untyped                                  ;
; LPM_DREPRESENTATION    ; UNSIGNED       ; Untyped                                  ;
; LPM_PIPELINE           ; 0              ; Untyped                                  ;
; LPM_REMAINDERPOSITIVE  ; TRUE           ; Untyped                                  ;
; MAXIMIZE_SPEED         ; 5              ; Untyped                                  ;
; CBXI_PARAMETER         ; lpm_divide_92m ; Untyped                                  ;
; CARRY_CHAIN            ; MANUAL         ; Untyped                                  ;
; OPTIMIZE_FOR_SPEED     ; 5              ; Untyped                                  ;
; AUTO_CARRY_CHAINS      ; ON             ; AUTO_CARRY                               ;
; IGNORE_CARRY_BUFFERS   ; OFF            ; IGNORE_CARRY                             ;
; AUTO_CASCADE_CHAINS    ; ON             ; AUTO_CASCADE                             ;
; IGNORE_CASCADE_BUFFERS ; OFF            ; IGNORE_CASCADE                           ;
+------------------------+----------------+------------------------------------------+
Note: In order to hide this table in the UI and the text report file, please set the "Show Parameter Settings in Synthesis Report" option in "Analysis and Synthesis Settings -> More Settings" to "Off".


+----------------------------------------------------------------------------------+
; Parameter Settings for Inferred Entity Instance: counter24:hours|lpm_divide:Mod0 ;
+------------------------+----------------+----------------------------------------+
; Parameter Name         ; Value          ; Type                                   ;
+------------------------+----------------+----------------------------------------+
; LPM_WIDTHN             ; 6              ; Untyped                                ;
; LPM_WIDTHD             ; 5              ; Untyped                                ;
; LPM_NREPRESENTATION    ; UNSIGNED       ; Untyped                                ;
; LPM_DREPRESENTATION    ; UNSIGNED       ; Untyped                                ;
; LPM_PIPELINE           ; 0              ; Untyped                                ;
; LPM_REMAINDERPOSITIVE  ; TRUE           ; Untyped                                ;
; MAXIMIZE_SPEED         ; 5              ; Untyped                                ;
; CBXI_PARAMETER         ; lpm_divide_72m ; Untyped                                ;
; CARRY_CHAIN            ; MANUAL         ; Untyped                                ;
; OPTIMIZE_FOR_SPEED     ; 5              ; Untyped                                ;
; AUTO_CARRY_CHAINS      ; ON             ; AUTO_CARRY                             ;
; IGNORE_CARRY_BUFFERS   ; OFF            ; IGNORE_CARRY                           ;
; AUTO_CASCADE_CHAINS    ; ON             ; AUTO_CASCADE                           ;
; IGNORE_CASCADE_BUFFERS ; OFF            ; IGNORE_CASCADE                         ;
+------------------------+----------------+----------------------------------------+
Note: In order to hide this table in the UI and the text report file, please set the "Show Parameter Settings in Synthesis Report" option in "Analysis and Synthesis Settings -> More Settings" to "Off".


+-----------------------------------------------+
; Port Connectivity Checks: "counter60:seconds" ;
+------------+-------+----------+---------------+
; Port       ; Type  ; Severity ; Details       ;
+------------+-------+----------+---------------+
; load_value ; Input ; Info     ; Stuck at GND  ;
+------------+-------+----------+---------------+


+-----------------------------------------------------+
; Post-Synthesis Netlist Statistics for Top Partition ;
+-----------------------+-----------------------------+
; Type                  ; Count                       ;
+-----------------------+-----------------------------+
; arriav_ff             ; 46                          ;
;     ENA               ; 2                           ;
;     SCLR              ; 32                          ;
;     SLD               ; 11                          ;
;     plain             ; 1                           ;
; arriav_lcell_comb     ; 313                         ;
;     arith             ; 145                         ;
;         0 data inputs ; 32                          ;
;         1 data inputs ; 45                          ;
;         2 data inputs ; 15                          ;
;         3 data inputs ; 28                          ;
;         4 data inputs ; 25                          ;
;     extend            ; 8                           ;
;         7 data inputs ; 8                           ;
;     normal            ; 130                         ;
;         0 data inputs ; 1                           ;
;         1 data inputs ; 6                           ;
;         2 data inputs ; 42                          ;
;         3 data inputs ; 29                          ;
;         4 data inputs ; 32                          ;
;         5 data inputs ; 11                          ;
;         6 data inputs ; 9                           ;
;     shared            ; 30                          ;
;         0 data inputs ; 6                           ;
;         1 data inputs ; 24                          ;
; boundary_port         ; 57                          ;
;                       ;                             ;
; Max LUT depth         ; 8.10                        ;
; Average LUT depth     ; 5.36                        ;
+-----------------------+-----------------------------+


+-------------------------------+
; Elapsed Time Per Partition    ;
+----------------+--------------+
; Partition Name ; Elapsed Time ;
+----------------+--------------+
; Top            ; 00:00:02     ;
+----------------+--------------+


+-------------------------------+
; Analysis & Synthesis Messages ;
+-------------------------------+
Info: *******************************************************************
Info: Running Quartus Prime Analysis & Synthesis
    Info: Version 20.1.1 Build 720 11/11/2020 SJ Lite Edition
    Info: Processing started: Mon Sep 19 14:51:27 2022
Info: Command: quartus_map --read_settings_files=on --write_settings_files=off digi_lock -c digi_lock
Warning (18236): Number of processors has not been specified which may cause overloading on shared machines.  Set the global assignment NUM_PARALLEL_PROCESSORS in your QSF to an appropriate value for best performance.
Info (20030): Parallel compilation is enabled and will use 12 of the 12 processors detected
Info (12021): Found 5 design units, including 5 entities, in source file digi_lock.v
    Info (12023): Found entity 1: digi_clock File: D:/akash/UTA courses/SOC/quartus examples/DIGITAL LOCK/digi_lock.v Line: 2
    Info (12023): Found entity 2: counter60 File: D:/akash/UTA courses/SOC/quartus examples/DIGITAL LOCK/digi_lock.v Line: 78
    Info (12023): Found entity 3: counter24 File: D:/akash/UTA courses/SOC/quartus examples/DIGITAL LOCK/digi_lock.v Line: 103
    Info (12023): Found entity 4: decTo7 File: D:/akash/UTA courses/SOC/quartus examples/DIGITAL LOCK/digi_lock.v Line: 127
    Info (12023): Found entity 5: divide_by_50000000 File: D:/akash/UTA courses/SOC/quartus examples/DIGITAL LOCK/digi_lock.v Line: 149
Warning (10236): Verilog HDL Implicit Net warning at digi_lock.v(34): created implicit net for "load" File: D:/akash/UTA courses/SOC/quartus examples/DIGITAL LOCK/digi_lock.v Line: 34
Info (12127): Elaborating entity "digi_clock" for the top level hierarchy
Warning (10230): Verilog HDL assignment warning at digi_lock.v(60): truncated value with size 32 to match size of target (4) File: D:/akash/UTA courses/SOC/quartus examples/DIGITAL LOCK/digi_lock.v Line: 60
Warning (10230): Verilog HDL assignment warning at digi_lock.v(61): truncated value with size 32 to match size of target (4) File: D:/akash/UTA courses/SOC/quartus examples/DIGITAL LOCK/digi_lock.v Line: 61
Warning (10230): Verilog HDL assignment warning at digi_lock.v(62): truncated value with size 32 to match size of target (4) File: D:/akash/UTA courses/SOC/quartus examples/DIGITAL LOCK/digi_lock.v Line: 62
Warning (10230): Verilog HDL assignment warning at digi_lock.v(63): truncated value with size 32 to match size of target (4) File: D:/akash/UTA courses/SOC/quartus examples/DIGITAL LOCK/digi_lock.v Line: 63
Warning (10230): Verilog HDL assignment warning at digi_lock.v(64): truncated value with size 32 to match size of target (4) File: D:/akash/UTA courses/SOC/quartus examples/DIGITAL LOCK/digi_lock.v Line: 64
Warning (10230): Verilog HDL assignment warning at digi_lock.v(65): truncated value with size 32 to match size of target (4) File: D:/akash/UTA courses/SOC/quartus examples/DIGITAL LOCK/digi_lock.v Line: 65
Info (12128): Elaborating entity "divide_by_50000000" for hierarchy "divide_by_50000000:clock" File: D:/akash/UTA courses/SOC/quartus examples/DIGITAL LOCK/digi_lock.v Line: 44
Warning (10230): Verilog HDL assignment warning at digi_lock.v(156): truncated value with size 32 to match size of target (26) File: D:/akash/UTA courses/SOC/quartus examples/DIGITAL LOCK/digi_lock.v Line: 156
Info (12128): Elaborating entity "counter60" for hierarchy "counter60:seconds" File: D:/akash/UTA courses/SOC/quartus examples/DIGITAL LOCK/digi_lock.v Line: 47
Warning (10230): Verilog HDL assignment warning at digi_lock.v(90): truncated value with size 32 to match size of target (6) File: D:/akash/UTA courses/SOC/quartus examples/DIGITAL LOCK/digi_lock.v Line: 90
Warning (10230): Verilog HDL assignment warning at digi_lock.v(95): truncated value with size 32 to match size of target (6) File: D:/akash/UTA courses/SOC/quartus examples/DIGITAL LOCK/digi_lock.v Line: 95
Info (12128): Elaborating entity "counter24" for hierarchy "counter24:hours" File: D:/akash/UTA courses/SOC/quartus examples/DIGITAL LOCK/digi_lock.v Line: 54
Warning (10230): Verilog HDL assignment warning at digi_lock.v(115): truncated value with size 32 to match size of target (5) File: D:/akash/UTA courses/SOC/quartus examples/DIGITAL LOCK/digi_lock.v Line: 115
Warning (10230): Verilog HDL assignment warning at digi_lock.v(119): truncated value with size 32 to match size of target (5) File: D:/akash/UTA courses/SOC/quartus examples/DIGITAL LOCK/digi_lock.v Line: 119
Info (12128): Elaborating entity "decTo7" for hierarchy "decTo7:sec_hexa0" File: D:/akash/UTA courses/SOC/quartus examples/DIGITAL LOCK/digi_lock.v Line: 69
Info (278001): Inferred 9 megafunctions from design logic
    Info (278004): Inferred divider/modulo megafunction ("lpm_divide") from the following logic: "Mod0" File: D:/akash/UTA courses/SOC/quartus examples/DIGITAL LOCK/digi_lock.v Line: 60
    Info (278004): Inferred divider/modulo megafunction ("lpm_divide") from the following logic: "Div0" File: D:/akash/UTA courses/SOC/quartus examples/DIGITAL LOCK/digi_lock.v Line: 61
    Info (278004): Inferred divider/modulo megafunction ("lpm_divide") from the following logic: "Mod1" File: D:/akash/UTA courses/SOC/quartus examples/DIGITAL LOCK/digi_lock.v Line: 62
    Info (278004): Inferred divider/modulo megafunction ("lpm_divide") from the following logic: "Div1" File: D:/akash/UTA courses/SOC/quartus examples/DIGITAL LOCK/digi_lock.v Line: 63
    Info (278004): Inferred divider/modulo megafunction ("lpm_divide") from the following logic: "Mod2" File: D:/akash/UTA courses/SOC/quartus examples/DIGITAL LOCK/digi_lock.v Line: 64
    Info (278004): Inferred divider/modulo megafunction ("lpm_divide") from the following logic: "Div2" File: D:/akash/UTA courses/SOC/quartus examples/DIGITAL LOCK/digi_lock.v Line: 65
    Info (278004): Inferred divider/modulo megafunction ("lpm_divide") from the following logic: "counter60:seconds|Mod0" File: D:/akash/UTA courses/SOC/quartus examples/DIGITAL LOCK/digi_lock.v Line: 90
    Info (278004): Inferred divider/modulo megafunction ("lpm_divide") from the following logic: "counter60:minutes|Mod0" File: D:/akash/UTA courses/SOC/quartus examples/DIGITAL LOCK/digi_lock.v Line: 90
    Info (278004): Inferred divider/modulo megafunction ("lpm_divide") from the following logic: "counter24:hours|Mod0" File: D:/akash/UTA courses/SOC/quartus examples/DIGITAL LOCK/digi_lock.v Line: 115
Info (12130): Elaborated megafunction instantiation "lpm_divide:Mod0" File: D:/akash/UTA courses/SOC/quartus examples/DIGITAL LOCK/digi_lock.v Line: 60
Info (12133): Instantiated megafunction "lpm_divide:Mod0" with the following parameter: File: D:/akash/UTA courses/SOC/quartus examples/DIGITAL LOCK/digi_lock.v Line: 60
    Info (12134): Parameter "LPM_WIDTHN" = "6"
    Info (12134): Parameter "LPM_WIDTHD" = "4"
    Info (12134): Parameter "LPM_NREPRESENTATION" = "UNSIGNED"
    Info (12134): Parameter "LPM_DREPRESENTATION" = "UNSIGNED"
Info (12021): Found 1 design units, including 1 entities, in source file db/lpm_divide_62m.tdf
    Info (12023): Found entity 1: lpm_divide_62m File: D:/akash/UTA courses/SOC/quartus examples/DIGITAL LOCK/db/lpm_divide_62m.tdf Line: 25
Info (12021): Found 1 design units, including 1 entities, in source file db/sign_div_unsign_9kh.tdf
    Info (12023): Found entity 1: sign_div_unsign_9kh File: D:/akash/UTA courses/SOC/quartus examples/DIGITAL LOCK/db/sign_div_unsign_9kh.tdf Line: 25
Info (12021): Found 1 design units, including 1 entities, in source file db/alt_u_div_ose.tdf
    Info (12023): Found entity 1: alt_u_div_ose File: D:/akash/UTA courses/SOC/quartus examples/DIGITAL LOCK/db/alt_u_div_ose.tdf Line: 23
Info (12130): Elaborated megafunction instantiation "lpm_divide:Div0" File: D:/akash/UTA courses/SOC/quartus examples/DIGITAL LOCK/digi_lock.v Line: 61
Info (12133): Instantiated megafunction "lpm_divide:Div0" with the following parameter: File: D:/akash/UTA courses/SOC/quartus examples/DIGITAL LOCK/digi_lock.v Line: 61
    Info (12134): Parameter "LPM_WIDTHN" = "6"
    Info (12134): Parameter "LPM_WIDTHD" = "4"
    Info (12134): Parameter "LPM_NREPRESENTATION" = "UNSIGNED"
    Info (12134): Parameter "LPM_DREPRESENTATION" = "UNSIGNED"
Info (12021): Found 1 design units, including 1 entities, in source file db/lpm_divide_3am.tdf
    Info (12023): Found entity 1: lpm_divide_3am File: D:/akash/UTA courses/SOC/quartus examples/DIGITAL LOCK/db/lpm_divide_3am.tdf Line: 25
Info (12130): Elaborated megafunction instantiation "lpm_divide:Mod2" File: D:/akash/UTA courses/SOC/quartus examples/DIGITAL LOCK/digi_lock.v Line: 64
Info (12133): Instantiated megafunction "lpm_divide:Mod2" with the following parameter: File: D:/akash/UTA courses/SOC/quartus examples/DIGITAL LOCK/digi_lock.v Line: 64
    Info (12134): Parameter "LPM_WIDTHN" = "5"
    Info (12134): Parameter "LPM_WIDTHD" = "4"
    Info (12134): Parameter "LPM_NREPRESENTATION" = "UNSIGNED"
    Info (12134): Parameter "LPM_DREPRESENTATION" = "UNSIGNED"
Info (12021): Found 1 design units, including 1 entities, in source file db/lpm_divide_52m.tdf
    Info (12023): Found entity 1: lpm_divide_52m File: D:/akash/UTA courses/SOC/quartus examples/DIGITAL LOCK/db/lpm_divide_52m.tdf Line: 25
Info (12021): Found 1 design units, including 1 entities, in source file db/sign_div_unsign_8kh.tdf
    Info (12023): Found entity 1: sign_div_unsign_8kh File: D:/akash/UTA courses/SOC/quartus examples/DIGITAL LOCK/db/sign_div_unsign_8kh.tdf Line: 25
Info (12021): Found 1 design units, including 1 entities, in source file db/alt_u_div_mse.tdf
    Info (12023): Found entity 1: alt_u_div_mse File: D:/akash/UTA courses/SOC/quartus examples/DIGITAL LOCK/db/alt_u_div_mse.tdf Line: 23
Info (12130): Elaborated megafunction instantiation "lpm_divide:Div2" File: D:/akash/UTA courses/SOC/quartus examples/DIGITAL LOCK/digi_lock.v Line: 65
Info (12133): Instantiated megafunction "lpm_divide:Div2" with the following parameter: File: D:/akash/UTA courses/SOC/quartus examples/DIGITAL LOCK/digi_lock.v Line: 65
    Info (12134): Parameter "LPM_WIDTHN" = "5"
    Info (12134): Parameter "LPM_WIDTHD" = "4"
    Info (12134): Parameter "LPM_NREPRESENTATION" = "UNSIGNED"
    Info (12134): Parameter "LPM_DREPRESENTATION" = "UNSIGNED"
Info (12021): Found 1 design units, including 1 entities, in source file db/lpm_divide_2am.tdf
    Info (12023): Found entity 1: lpm_divide_2am File: D:/akash/UTA courses/SOC/quartus examples/DIGITAL LOCK/db/lpm_divide_2am.tdf Line: 25
Info (12130): Elaborated megafunction instantiation "counter60:seconds|lpm_divide:Mod0" File: D:/akash/UTA courses/SOC/quartus examples/DIGITAL LOCK/digi_lock.v Line: 90
Info (12133): Instantiated megafunction "counter60:seconds|lpm_divide:Mod0" with the following parameter: File: D:/akash/UTA courses/SOC/quartus examples/DIGITAL LOCK/digi_lock.v Line: 90
    Info (12134): Parameter "LPM_WIDTHN" = "7"
    Info (12134): Parameter "LPM_WIDTHD" = "6"
    Info (12134): Parameter "LPM_NREPRESENTATION" = "UNSIGNED"
    Info (12134): Parameter "LPM_DREPRESENTATION" = "UNSIGNED"
Info (12021): Found 1 design units, including 1 entities, in source file db/lpm_divide_92m.tdf
    Info (12023): Found entity 1: lpm_divide_92m File: D:/akash/UTA courses/SOC/quartus examples/DIGITAL LOCK/db/lpm_divide_92m.tdf Line: 25
Info (12021): Found 1 design units, including 1 entities, in source file db/sign_div_unsign_ckh.tdf
    Info (12023): Found entity 1: sign_div_unsign_ckh File: D:/akash/UTA courses/SOC/quartus examples/DIGITAL LOCK/db/sign_div_unsign_ckh.tdf Line: 25
Info (12021): Found 1 design units, including 1 entities, in source file db/alt_u_div_use.tdf
    Info (12023): Found entity 1: alt_u_div_use File: D:/akash/UTA courses/SOC/quartus examples/DIGITAL LOCK/db/alt_u_div_use.tdf Line: 23
Info (12130): Elaborated megafunction instantiation "counter24:hours|lpm_divide:Mod0" File: D:/akash/UTA courses/SOC/quartus examples/DIGITAL LOCK/digi_lock.v Line: 115
Info (12133): Instantiated megafunction "counter24:hours|lpm_divide:Mod0" with the following parameter: File: D:/akash/UTA courses/SOC/quartus examples/DIGITAL LOCK/digi_lock.v Line: 115
    Info (12134): Parameter "LPM_WIDTHN" = "6"
    Info (12134): Parameter "LPM_WIDTHD" = "5"
    Info (12134): Parameter "LPM_NREPRESENTATION" = "UNSIGNED"
    Info (12134): Parameter "LPM_DREPRESENTATION" = "UNSIGNED"
Info (12021): Found 1 design units, including 1 entities, in source file db/lpm_divide_72m.tdf
    Info (12023): Found entity 1: lpm_divide_72m File: D:/akash/UTA courses/SOC/quartus examples/DIGITAL LOCK/db/lpm_divide_72m.tdf Line: 25
Info (12021): Found 1 design units, including 1 entities, in source file db/sign_div_unsign_akh.tdf
    Info (12023): Found entity 1: sign_div_unsign_akh File: D:/akash/UTA courses/SOC/quartus examples/DIGITAL LOCK/db/sign_div_unsign_akh.tdf Line: 25
Info (12021): Found 1 design units, including 1 entities, in source file db/alt_u_div_qse.tdf
    Info (12023): Found entity 1: alt_u_div_qse File: D:/akash/UTA courses/SOC/quartus examples/DIGITAL LOCK/db/alt_u_div_qse.tdf Line: 23
Warning (13024): Output pins are stuck at VCC or GND
    Warning (13410): Pin "HEX5[1]" is stuck at GND File: D:/akash/UTA courses/SOC/quartus examples/DIGITAL LOCK/digi_lock.v Line: 2
Info (286030): Timing-Driven Synthesis is running
Info (16010): Generating hard_block partition "hard_block:auto_generated_inst"
    Info (16011): Adding 0 node(s), including 0 DDIO, 0 PLL, 0 transceiver and 0 LCELL
Warning (21074): Design contains 2 input pin(s) that do not drive logic
    Warning (15610): No output dependent on input pin "KEY[1]" File: D:/akash/UTA courses/SOC/quartus examples/DIGITAL LOCK/digi_lock.v Line: 2
    Warning (15610): No output dependent on input pin "KEY[2]" File: D:/akash/UTA courses/SOC/quartus examples/DIGITAL LOCK/digi_lock.v Line: 2
Info (21057): Implemented 366 device resources after synthesis - the final resource count might be different
    Info (21058): Implemented 15 input pins
    Info (21059): Implemented 42 output pins
    Info (21061): Implemented 309 logic cells
Info: Quartus Prime Analysis & Synthesis was successful. 0 errors, 18 warnings
    Info: Peak virtual memory: 4890 megabytes
    Info: Processing ended: Mon Sep 19 14:51:43 2022
    Info: Elapsed time: 00:00:16
    Info: Total CPU time (on all processors): 00:00:34


